<?xml version="1.0" encoding="UTF-8"?>
<testsuite xmlns:xsi="http://www.w3.org/2001/XMLSchema-instance" xsi:noNamespaceSchemaLocation="https://maven.apache.org/surefire/maven-surefire-plugin/xsd/surefire-test-report.xsd" name="TestSuite" time="15.999" tests="9" errors="0" skipped="0" failures="0">
  <properties>
[...]
</properties>
  <testcase name="checkAvatarNoPojoTest" classname="api.ReqresNoPojoTest" time="9.193"/>
  <testcase name="successUserRegNoPojoTest" classname="api.ReqresNoPojoTest" time="1.696"/>
  <testcase name="unSuccessRegNoPojoTest" classname="api.ReqresNoPojoTest" time="1.595"/>
  <testcase name="checkAvatarIdTest" classname="api.ReqresTest" time="0.267"/>
  <testcase name="deleteUserTest" classname="api.ReqresTest" time="0.073"/>
  <testcase name="sortedYearsTest" classname="api.ReqresTest" time="0.245"/>
  <testcase name="successRegTest" classname="api.ReqresTest" time="0.072"/>
  <testcase name="timeTest" classname="api.ReqresTest" time="0.093"/>
  <testcase name="unSuccessRegTest" classname="api.ReqresTest" time="0.07"/>
</testsuite>