<?xml version="1.0" encoding="UTF-8"?>
<testng-results ignored="0" total="9" passed="9" failed="0" skipped="0">
  <reporter-output>
  </reporter-output>
  <suite started-at="2022-09-09T17:14:04 MSK" name="Surefire suite" finished-at="2022-09-09T17:14:16 MSK" duration-ms="12117">
    <groups>
    </groups>
    <test started-at="2022-09-09T17:14:04 MSK" name="Surefire test" finished-at="2022-09-09T17:14:16 MSK" duration-ms="12117">
      <class name="api.ReqresTest">
        <test-method signature="checkAvatarIdTest()[pri:0, instance:api.ReqresTest@c7a977f]" started-at="2022-09-09T17:14:15 MSK" name="checkAvatarIdTest" finished-at="2022-09-09T17:14:15 MSK" duration-ms="242" status="PASS">
          <reporter-output>
          </reporter-output>
        </test-method> <!-- checkAvatarIdTest -->
        <test-method signature="deleteUserTest()[pri:0, instance:api.ReqresTest@c7a977f]" started-at="2022-09-09T17:14:15 MSK" name="deleteUserTest" finished-at="2022-09-09T17:14:15 MSK" duration-ms="293" status="PASS">
          <reporter-output>
          </reporter-output>
        </test-method> <!-- deleteUserTest -->
        <test-method signature="sortedYearsTest()[pri:0, instance:api.ReqresTest@c7a977f]" started-at="2022-09-09T17:14:15 MSK" name="sortedYearsTest" finished-at="2022-09-09T17:14:16 MSK" duration-ms="192" status="PASS">
          <reporter-output>
          </reporter-output>
        </test-method> <!-- sortedYearsTest -->
        <test-method signature="successRegTest()[pri:0, instance:api.ReqresTest@c7a977f]" started-at="2022-09-09T17:14:16 MSK" name="successRegTest" finished-at="2022-09-09T17:14:16 MSK" duration-ms="231" status="PASS">
          <reporter-output>
          </reporter-output>
        </test-method> <!-- successRegTest -->
        <test-method signature="timeTest()[pri:0, instance:api.ReqresTest@c7a977f]" started-at="2022-09-09T17:14:16 MSK" name="timeTest" finished-at="2022-09-09T17:14:16 MSK" duration-ms="223" status="PASS">
          <reporter-output>
          </reporter-output>
        </test-method> <!-- timeTest -->
        <test-method signature="unSuccessRegTest()[pri:0, instance:api.ReqresTest@c7a977f]" started-at="2022-09-09T17:14:16 MSK" name="unSuccessRegTest" finished-at="2022-09-09T17:14:16 MSK" duration-ms="194" status="PASS">
          <reporter-output>
          </reporter-output>
        </test-method> <!-- unSuccessRegTest -->
      </class> <!-- api.ReqresTest -->
      <class name="api.ReqresNoPojoTest">
        <test-method signature="checkAvatarNoPojoTest()[pri:0, instance:api.ReqresNoPojoTest@415e0bcb]" started-at="2022-09-09T17:14:04 MSK" name="checkAvatarNoPojoTest" finished-at="2022-09-09T17:14:13 MSK" duration-ms="9034" status="PASS">
          <reporter-output>
          </reporter-output>
        </test-method> <!-- checkAvatarNoPojoTest -->
        <test-method signature="successUserRegNoPojoTest()[pri:0, instance:api.ReqresNoPojoTest@415e0bcb]" started-at="2022-09-09T17:14:14 MSK" name="successUserRegNoPojoTest" finished-at="2022-09-09T17:14:14 MSK" duration-ms="903" status="PASS">
          <reporter-output>
          </reporter-output>
        </test-method> <!-- successUserRegNoPojoTest -->
        <test-method signature="unSuccessRegNoPojoTest()[pri:0, instance:api.ReqresNoPojoTest@415e0bcb]" started-at="2022-09-09T17:14:14 MSK" name="unSuccessRegNoPojoTest" finished-at="2022-09-09T17:14:15 MSK" duration-ms="476" status="PASS">
          <reporter-output>
          </reporter-output>
        </test-method> <!-- unSuccessRegNoPojoTest -->
      </class> <!-- api.ReqresNoPojoTest -->
    </test> <!-- Surefire test -->
  </suite> <!-- Surefire suite -->
</testng-results>
