<?xml version="1.0" encoding="UTF-8"?>
<!-- Generated by org.testng.reporters.JUnitXMLReporter -->
<testsuite ignored="0" hostname="DESKTOP-OK92444" failures="0" tests="9" name="Surefire test" time="12.117" errors="0" timestamp="2022-09-09T17:14:16 MSK">
  <testcase classname="api.ReqresNoPojoTest" name="checkAvatarNoPojoTest" time="9.034"/>
  <testcase classname="api.ReqresNoPojoTest" name="successUserRegNoPojoTest" time="0.903"/>
  <testcase classname="api.ReqresNoPojoTest" name="unSuccessRegNoPojoTest" time="0.476"/>
  <testcase classname="api.ReqresTest" name="checkAvatarIdTest" time="0.242"/>
  <testcase classname="api.ReqresTest" name="deleteUserTest" time="0.293"/>
  <testcase classname="api.ReqresTest" name="sortedYearsTest" time="0.192"/>
  <testcase classname="api.ReqresTest" name="successRegTest" time="0.231"/>
  <testcase classname="api.ReqresTest" name="timeTest" time="0.223"/>
  <testcase classname="api.ReqresTest" name="unSuccessRegTest" time="0.194"/>
</testsuite> <!-- Surefire test -->
